2023-05-28 17:29:07,081 - account - INFO - Account number created succesfully: LT991050971488380746
2023-05-28 17:29:07,081 - account - INFO - Account object created succesfully. Account(6P5u9mVnJEBqKqMfeBWD67,CiGhabEyqH2EWQuKyeDmrM,Active:True,651.0,EUR,2.50%)
2023-05-28 17:29:07,081 - account - INFO - Account loaded succesfully.
2023-05-31 22:36:16,438 - account - INFO - Account number created succesfully: LT991447559659516336
2023-05-31 22:36:16,438 - account - INFO - Account object created succesfully. Account(oJLBFq3byAq8uQwt9jUQR4,a7ny8hBHvTVYxiBUACt4g3,Active:True,12333.0,DKK,2.00%)
2023-05-31 22:37:28,709 - account - INFO - Account number created succesfully: LT991743816640458404
2023-05-31 22:37:28,710 - account - INFO - Account object created succesfully. Account(4B5xQHxEgULMdiBqLffBCj,XjkQW6gPH83B3FXemEbUVy,Active:True,12345.0,CZK,2.00%)
2023-05-31 22:37:48,548 - account - INFO - Account number created succesfully: LT996114088902345080
2023-05-31 22:37:48,548 - account - INFO - Account object created succesfully. Account(2ZgWybBWVE4LeXkvNt4hNA,XjkQW6gPH83B3FXemEbUVy,Active:True,12345.0,CZK,2.00%)
2023-05-31 22:37:48,548 - account - INFO - Account loaded succesfully.
2023-05-31 22:54:46,742 - account - INFO - Account number created succesfully: LT998231945760161623
2023-05-31 22:54:46,743 - account - INFO - Account object created succesfully. Account(88qssf8j7e6R7AkaFSyn34,XjkQW6gPH83B3FXemEbUVy,Active:True,12345.0,CZK,2.00%)
2023-05-31 22:54:46,743 - account - INFO - Account loaded succesfully.
2023-06-01 00:09:30,779 - account - INFO - Account number created successfully: LT996659875307780731
2023-06-01 00:09:30,779 - account - INFO - Account object created successfully. Account(C2gQZ9PjNCziqvpwpbUURa,T3xfTad8T88Yw7y8DcaqUR,Active:True,12345.0,DKK,2.00%)
2023-06-01 00:09:43,620 - account - INFO - Balance set successfully.
2023-06-01 00:10:00,100 - account - INFO - Balance set successfully.
2023-06-01 00:11:26,901 - account - INFO - Account number created successfully: LT995335972586152907
2023-06-01 00:11:26,901 - account - INFO - Account object created successfully. Account(dKMSJRDMeRX75k8mwmC9mH,T3xfTad8T88Yw7y8DcaqUR,Active:True,12445.0,DKK,2.00%)
2023-06-01 00:11:26,901 - account - INFO - Account loaded successfully.
2023-06-01 00:12:05,527 - account - INFO - Account number created successfully: LT993084068951606043
2023-06-01 00:12:05,527 - account - INFO - Account object created successfully. Account(To84PSRhzrXr8zTwkhEEP7,T3xfTad8T88Yw7y8DcaqUR,Active:True,12445.0,DKK,2.00%)
2023-06-01 00:12:05,527 - account - INFO - Account loaded successfully.
2023-06-01 00:17:25,586 - account - INFO - Account number created successfully: LT996115648447461085
2023-06-01 00:17:25,586 - account - INFO - Account object created successfully. Account(HdfNiVFDot6MbAqcwbNzzA,ivLBeLNUkFo4LYzifd6f58,Active:True,123.0,DKK,1.80%)
