2023-05-31 22:26:51,086 - holder - INFO - Holder object created succesfully. Holder(42qAaK2v2MrfNe3X3WphrC,'Name','Last',Birth:2000-01-01,Blocked:False,Onboarded:2023-05-31 22:26:51.085952)
2023-05-31 22:35:56,481 - holder - INFO - Holder object created succesfully. Holder(a7ny8hBHvTVYxiBUACt4g3,'First','Last',Birth:2000-01-01,Blocked:False,Onboarded:2023-05-31 22:35:56.481743)
2023-05-31 22:37:12,494 - holder - INFO - Holder object created succesfully. Holder(XjkQW6gPH83B3FXemEbUVy,'First','Last',Birth:2000-01-01,Blocked:False,Onboarded:2023-05-31 22:37:12.494331)
2023-05-31 22:37:48,547 - holder - INFO - Holder object created succesfully. Holder(MqcyMj245KWs569F3PETRF,'First','Last',Birth:2000-01-01,Blocked:False,Onboarded:2023-05-31 22:37:48.546915)
2023-05-31 22:37:48,548 - holder - INFO - Current holder loaded correctly: Account holder: First Last.
Date of Birth: 2000-01-01
Onboarding date: 2023-05-31 22:37:12.494331
Account blocked: False
2023-05-31 22:54:46,740 - holder - INFO - Holder object created succesfully. Holder(RuYd35EikxMDvz8Yw2V6up,'First','Last',Birth:2000-01-01,Blocked:False,Onboarded:2023-05-31 22:54:46.738872)
2023-05-31 22:54:46,742 - holder - INFO - Current holder loaded correctly: Account holder: First Last.
Date of Birth: 2000-01-01
Onboarding date: 2023-05-31 22:37:12.494331
Account blocked: False
2023-06-01 00:08:57,288 - holder - ERROR - Current holder cannot be loaded.
2023-06-01 00:09:08,585 - holder - INFO - Holder object created succesfully. Holder(T3xfTad8T88Yw7y8DcaqUR,'Pete','Marco',Birth:2000-01-01,Blocked:False,Onboarded:2023-06-01 00:09:08.585080)
2023-06-01 00:11:26,900 - holder - INFO - Holder object created succesfully. Holder(MAQyDYXfdvLZFpLDBW6eiR,'Pete','Marco',Birth:2000-01-01,Blocked:False,Onboarded:2023-06-01 00:11:26.900697)
2023-06-01 00:11:26,901 - holder - INFO - Current holder loaded correctly: Account holder: Pete Marco.
Date of Birth: 2000-01-01
Onboarding date: 2023-06-01 00:09:08.585080
Account blocked: False
2023-06-01 00:12:05,526 - holder - INFO - Holder object created succesfully. Holder(cDUVm2B3mqZLgMCHhjjTVD,'Pete','Marco',Birth:2000-01-01,Blocked:False,Onboarded:2023-06-01 00:12:05.526689)
2023-06-01 00:12:05,527 - holder - INFO - Current holder loaded correctly: Account holder: Pete Marco.
Date of Birth: 2000-01-01
Onboarding date: 2023-06-01 00:09:08.585080
Account blocked: False
2023-06-01 00:17:05,613 - holder - INFO - Holder object created succesfully. Holder(ivLBeLNUkFo4LYzifd6f58,'First','Last',Birth:1990-01-01,Blocked:False,Onboarded:2023-06-01 00:17:05.613923)
